app/build/intermediates/manifest_merge_blame_file/debug/manifest-merger-blame-debug-report.txt
1<?xml version="1.0" encoding="utf-8"?>
2<manifest xmlns:android="http://schemas.android.com/apk/res/android"
3    package="com.example.moviedb"
4    android:versionCode="1"
5    android:versionName="1.0" >
6
7    <uses-sdk
8        android:minSdkVersion="19"
8-->src\main\AndroidManifest.xml
9        android:targetSdkVersion="28" />
9-->src\main\AndroidManifest.xml
10
11    <uses-permission android:name="android.permission.ACCESS_NETWORK_STATE" />
11-->src\main\AndroidManifest.xml:5:5-78
11-->src\main\AndroidManifest.xml:5:22-76
12    <uses-permission android:name="android.permission.INTERNET" />
12-->src\main\AndroidManifest.xml:6:5-66
12-->src\main\AndroidManifest.xml:6:22-64
13
14    <application
14-->src\main\AndroidManifest.xml:8:5-34:19
15        android:name="com.example.moviedb.BaseApp"
15-->src\main\AndroidManifest.xml:9:13-36
16        android:allowBackup="true"
16-->src\main\AndroidManifest.xml:10:13-39
17        android:appComponentFactory="androidx.core.app.CoreComponentFactory"
17-->[androidx.core:core:1.0.1] AndroidManifest.xml:22:18-86
18        android:debuggable="true"
19        android:icon="@mipmap/ic_launcher"
19-->src\main\AndroidManifest.xml:11:13-47
20        android:label="@string/app_name"
20-->src\main\AndroidManifest.xml:12:13-45
21        android:roundIcon="@mipmap/ic_launcher_round"
21-->src\main\AndroidManifest.xml:13:13-58
22        android:supportsRtl="true"
22-->src\main\AndroidManifest.xml:14:13-39
23        android:testOnly="true"
24        android:theme="@style/AppTheme"
24-->src\main\AndroidManifest.xml:15:13-44
25        android:usesCleartextTraffic="true" >
25-->src\main\AndroidManifest.xml:16:13-48
26        <activity android:name="com.example.moviedb.ui.webview.OfficialPageMovieActivity" >
26-->src\main\AndroidManifest.xml:17:9-20:20
26-->src\main\AndroidManifest.xml:17:19-71
27            <meta-data
27-->src\main\AndroidManifest.xml:18:13-19:72
28                android:name="android.support.PARENT_ACTIVITY"
28-->src\main\AndroidManifest.xml:18:24-70
29                android:value=".ui.detail.DetailMovieActivity" />
29-->src\main\AndroidManifest.xml:19:24-70
30        </activity>
31        <activity
31-->src\main\AndroidManifest.xml:21:9-26:20
32            android:name="com.example.moviedb.ui.detail.DetailMovieActivity"
32-->src\main\AndroidManifest.xml:22:17-62
33            android:label="@string/title_activity_detail_movie" >
33-->src\main\AndroidManifest.xml:23:17-68
34            <meta-data
34-->src\main\AndroidManifest.xml:18:13-19:72
35                android:name="android.support.PARENT_ACTIVITY"
35-->src\main\AndroidManifest.xml:18:24-70
36                android:value=".ui.main.MainActivity" />
36-->src\main\AndroidManifest.xml:19:24-70
37        </activity>
38        <activity android:name="com.example.moviedb.ui.main.MainActivity" >
38-->src\main\AndroidManifest.xml:27:9-33:20
38-->src\main\AndroidManifest.xml:27:19-55
39            <intent-filter>
39-->src\main\AndroidManifest.xml:28:13-32:29
40                <action android:name="android.intent.action.MAIN" />
40-->src\main\AndroidManifest.xml:29:17-68
40-->src\main\AndroidManifest.xml:29:25-66
41
42                <category android:name="android.intent.category.LAUNCHER" />
42-->src\main\AndroidManifest.xml:31:17-76
42-->src\main\AndroidManifest.xml:31:27-74
43            </intent-filter>
44        </activity>
45
46        <provider
46-->[com.squareup.picasso:picasso:2.71828] AndroidManifest.xml:8:9-11:40
47            android:name="com.squareup.picasso.PicassoProvider"
47-->[com.squareup.picasso:picasso:2.71828] AndroidManifest.xml:9:13-64
48            android:authorities="com.example.moviedb.com.squareup.picasso"
48-->[com.squareup.picasso:picasso:2.71828] AndroidManifest.xml:10:13-72
49            android:exported="false" />
49-->[com.squareup.picasso:picasso:2.71828] AndroidManifest.xml:11:13-37
50    </application>
51
52</manifest>